<?xml version="1.0" encoding="UTF-8"?>
<robot generator="Robot 3.2.2 (Python 3.7.4 on darwin)" generated="20201114 23:12:52.524" rpa="false">
<suite id="s1" name="Shopping Visa Success" source="/Users/mac/Desktop/swt-workshop/api/shopping_cart/shopping_visa_success.robot">
<kw name="Create Session" library="RequestsLibrary" type="setup">
<doc>Create Session: create a HTTP session to a server</doc>
<arguments>
<arg>alias=shopping</arg>
<arg>url=https://www.dminer.in.th</arg>
</arguments>
<msg timestamp="20201114 23:12:52.766" level="INFO">Creating Session using : alias=shopping, url=https://www.dminer.in.th, headers={},                     cookies={}, auth=None, timeout=None, proxies=None, verify=False,                     debug=0 </msg>
<status status="PASS" starttime="20201114 23:12:52.766" endtime="20201114 23:12:52.767"></status>
</kw>
<test id="s1-t1" name="user ซื้อของเล่นให้ลูกสาว เลือกวิธีจัดส่งเป็น kerry ชำระเงินด้วยบัตรเครดิต visa และชำระเงินสำเร็จ">
<kw name="Search">
<kw name="Get Request" library="RequestsLibrary">
<doc>Send a GET request on the session object found using the
given `alias`</doc>
<arguments>
<arg>alias=shopping</arg>
<arg>uri=/api/v1/product</arg>
<arg>headers=&amp;{headers}</arg>
</arguments>
<assign>
<var>${response}</var>
</assign>
<msg timestamp="20201114 23:12:52.983" level="INFO">GET Request : url=https://www.dminer.in.th/api/v1/product 
 path_url=/api/v1/product 
 headers={'User-Agent': 'python-requests/2.22.0', 'Accept-Encoding': 'gzip, deflate', 'Accept': 'application/json', 'Connection': 'keep-alive', 'Content-Type': 'application/json'} 
 body=None 
 </msg>
<msg timestamp="20201114 23:12:52.983" level="INFO">GET Response : url=https://www.dminer.in.th/api/v1/product 
 status=200, reason=OK 
 body={
  "total": 2,
  "products": [
    {
      "id": 1,
      "product_name": "Balance Training Bicycle",
      "product_price": 119.95,
      "product_image": "/Balance_Training_Bicycle.png"
    },
    {
      "id": 2,
      "product_name": "43 Piece dinner Set",
      "product_price": 12.95,
      "product_image": "/43_Piece_dinner_Set.png"
    }
  ]
} 
 </msg>
<msg timestamp="20201114 23:12:52.984" level="INFO">/usr/local/lib/python3.7/site-packages/urllib3/connectionpool.py:1004: InsecureRequestWarning: Unverified HTTPS request is being made. Adding certificate verification is strongly advised. See: https://urllib3.readthedocs.io/en/latest/advanced-usage.html#ssl-warnings
  InsecureRequestWarning,</msg>
<msg timestamp="20201114 23:12:52.984" level="INFO">${response} = &lt;Response [200]&gt;</msg>
<status status="PASS" starttime="20201114 23:12:52.772" endtime="20201114 23:12:52.984"></status>
</kw>
<kw name="Request Should Be Successful" library="RequestsLibrary">
<doc>Fails if response status code is a client or server error (4xx, 5xx).</doc>
<arguments>
<arg>${response}</arg>
</arguments>
<status status="PASS" starttime="20201114 23:12:52.984" endtime="20201114 23:12:52.985"></status>
</kw>
<kw name="Should Be Equal" library="BuiltIn">
<doc>Fails if the given objects are unequal.</doc>
<arguments>
<arg>${response.json()['products'][1]['product_name']}</arg>
<arg>43 Piece dinner Set</arg>
</arguments>
<status status="PASS" starttime="20201114 23:12:52.985" endtime="20201114 23:12:52.986"></status>
</kw>
<kw name="Should Be Equal As Numbers" library="BuiltIn">
<doc>Fails if objects are unequal after converting them to real numbers.</doc>
<arguments>
<arg>${response.json()['products'][1]['product_price']}</arg>
<arg>12.95</arg>
</arguments>
<msg timestamp="20201114 23:12:52.986" level="INFO">Argument types are:
&lt;class 'float'&gt;
&lt;type 'unicode'&gt;</msg>
<status status="PASS" starttime="20201114 23:12:52.986" endtime="20201114 23:12:52.987"></status>
</kw>
<kw name="Set Variable" library="BuiltIn">
<doc>Returns the given values which can then be assigned to a variables.</doc>
<arguments>
<arg>${response.json()['products'][1]['id']}</arg>
</arguments>
<assign>
<var>${productId}</var>
</assign>
<msg timestamp="20201114 23:12:52.987" level="INFO">${productId} = 2</msg>
<status status="PASS" starttime="20201114 23:12:52.987" endtime="20201114 23:12:52.987"></status>
</kw>
<kw name="Set Test Variable" library="BuiltIn">
<doc>Makes a variable available everywhere within the scope of the current test.</doc>
<arguments>
<arg>${productId}</arg>
</arguments>
<msg timestamp="20201114 23:12:52.988" level="INFO">${productId} = 2</msg>
<status status="PASS" starttime="20201114 23:12:52.987" endtime="20201114 23:12:52.988"></status>
</kw>
<status status="PASS" starttime="20201114 23:12:52.771" endtime="20201114 23:12:52.988"></status>
</kw>
<kw name="Product Detail">
<kw name="Get Request" library="RequestsLibrary">
<doc>Send a GET request on the session object found using the
given `alias`</doc>
<arguments>
<arg>alias=shopping</arg>
<arg>uri=/api/v1/product/${productId}</arg>
<arg>headers=&amp;{headers}</arg>
</arguments>
<assign>
<var>${response}</var>
</assign>
<msg timestamp="20201114 23:12:53.040" level="INFO">GET Request : url=https://www.dminer.in.th/api/v1/product/2 
 path_url=/api/v1/product/2 
 headers={'User-Agent': 'python-requests/2.22.0', 'Accept-Encoding': 'gzip, deflate', 'Accept': 'application/json', 'Connection': 'keep-alive', 'Content-Type': 'application/json'} 
 body=None 
 </msg>
<msg timestamp="20201114 23:12:53.040" level="INFO">GET Response : url=https://www.dminer.in.th/api/v1/product/2 
 status=200, reason=OK 
 body={
  "id": 2,
  "product_name": "43 Piece dinner Set",
  "product_price": 12.95,
  "product_image": "/43_Piece_dinner_Set.png",
  "quantity": 10,
  "product_brand": "CoolKidz"
} 
 </msg>
<msg timestamp="20201114 23:12:53.040" level="INFO">/usr/local/lib/python3.7/site-packages/urllib3/connectionpool.py:1004: InsecureRequestWarning: Unverified HTTPS request is being made. Adding certificate verification is strongly advised. See: https://urllib3.readthedocs.io/en/latest/advanced-usage.html#ssl-warnings
  InsecureRequestWarning,</msg>
<msg timestamp="20201114 23:12:53.040" level="INFO">${response} = &lt;Response [200]&gt;</msg>
<status status="PASS" starttime="20201114 23:12:52.989" endtime="20201114 23:12:53.040"></status>
</kw>
<kw name="Request Should Be Successful" library="RequestsLibrary">
<doc>Fails if response status code is a client or server error (4xx, 5xx).</doc>
<arguments>
<arg>${response}</arg>
</arguments>
<status status="PASS" starttime="20201114 23:12:53.041" endtime="20201114 23:12:53.041"></status>
</kw>
<kw name="Should Be Equal As Integers" library="BuiltIn">
<doc>Fails if objects are unequal after converting them to integers.</doc>
<arguments>
<arg>${response.json()['id']}</arg>
<arg>2</arg>
</arguments>
<msg timestamp="20201114 23:12:53.042" level="INFO">Argument types are:
&lt;class 'int'&gt;
&lt;type 'unicode'&gt;</msg>
<status status="PASS" starttime="20201114 23:12:53.041" endtime="20201114 23:12:53.042"></status>
</kw>
<kw name="Should Be Equal" library="BuiltIn">
<doc>Fails if the given objects are unequal.</doc>
<arguments>
<arg>${response.json()['product_name']}</arg>
<arg>43 Piece dinner Set</arg>
</arguments>
<status status="PASS" starttime="20201114 23:12:53.042" endtime="20201114 23:12:53.043"></status>
</kw>
<kw name="Should Be Equal As Numbers" library="BuiltIn">
<doc>Fails if objects are unequal after converting them to real numbers.</doc>
<arguments>
<arg>${response.json()['product_price']}</arg>
<arg>12.95</arg>
</arguments>
<msg timestamp="20201114 23:12:53.044" level="INFO">Argument types are:
&lt;class 'float'&gt;
&lt;type 'unicode'&gt;</msg>
<status status="PASS" starttime="20201114 23:12:53.043" endtime="20201114 23:12:53.044"></status>
</kw>
<kw name="Should Be Equal" library="BuiltIn">
<doc>Fails if the given objects are unequal.</doc>
<arguments>
<arg>${response.json()['product_image']}</arg>
<arg>/43_Piece_dinner_Set.png</arg>
</arguments>
<status status="PASS" starttime="20201114 23:12:53.044" endtime="20201114 23:12:53.045"></status>
</kw>
<kw name="Should Be Equal As Integers" library="BuiltIn">
<doc>Fails if objects are unequal after converting them to integers.</doc>
<arguments>
<arg>${response.json()['quantity']}</arg>
<arg>10</arg>
</arguments>
<msg timestamp="20201114 23:12:53.045" level="INFO">Argument types are:
&lt;class 'int'&gt;
&lt;type 'unicode'&gt;</msg>
<status status="PASS" starttime="20201114 23:12:53.045" endtime="20201114 23:12:53.045"></status>
</kw>
<kw name="Should Be Equal" library="BuiltIn">
<doc>Fails if the given objects are unequal.</doc>
<arguments>
<arg>${response.json()['product_brand']}</arg>
<arg>CoolKidz</arg>
</arguments>
<status status="PASS" starttime="20201114 23:12:53.045" endtime="20201114 23:12:53.046"></status>
</kw>
<status status="PASS" starttime="20201114 23:12:52.988" endtime="20201114 23:12:53.046"></status>
</kw>
<kw name="Submit Order">
<kw name="To Json" library="RequestsLibrary">
<doc>Convert a string to a JSON object</doc>
<arguments>
<arg>{"cart" : [{ "product_id": 2,"quantity": 1}],"shipping_method" : "Kerry","shipping_address" : "405/37 ถ.มหิดล","shipping_sub_district" : "ต.ท่าศาลา","shipping_district" : "อ.เมือง","shipping_province" : "จ.เชียงใหม่","shipping_zip_code" : "50000","recipient_name" : "ณัฐญา ชุติบุตร","recipient_phone_number" : "0970809292"}</arg>
</arguments>
<assign>
<var>${data}</var>
</assign>
<msg timestamp="20201114 23:12:53.047" level="INFO">To JSON using : content={"cart" : [{ "product_id": 2,"quantity": 1}],"shipping_method" : "Kerry","shipping_address" : "405/37 ถ.มหิดล","shipping_sub_district" : "ต.ท่าศาลา","shipping_district" : "อ.เมือง","shipping_province" : "จ.เชียงใหม่","shipping_zip_code" : "50000","recipient_name" : "ณัฐญา ชุติบุตร","recipient_phone_number" : "0970809292"} </msg>
<msg timestamp="20201114 23:12:53.047" level="INFO">To JSON using : pretty_print=False </msg>
<msg timestamp="20201114 23:12:53.047" level="INFO">${data} = {'cart': [{'product_id': 2, 'quantity': 1}], 'shipping_method': 'Kerry', 'shipping_address': '405/37 ถ.มหิดล', 'shipping_sub_district': 'ต.ท่าศาลา', 'shipping_district': 'อ.เมือง', 'shipping_province'...</msg>
<status status="PASS" starttime="20201114 23:12:53.047" endtime="20201114 23:12:53.047"></status>
</kw>
<kw name="Post Request" library="RequestsLibrary">
<doc>Send a POST request on the session object found using the
given `alias`</doc>
<arguments>
<arg>alias=shopping</arg>
<arg>uri=/api/v1/order</arg>
<arg>headers=&amp;{headers}</arg>
<arg>json=${data}</arg>
</arguments>
<assign>
<var>${response}</var>
</assign>
<msg timestamp="20201114 23:12:53.106" level="INFO">POST Request : url=https://www.dminer.in.th/api/v1/order 
 path_url=/api/v1/order 
 headers={'User-Agent': 'python-requests/2.22.0', 'Accept-Encoding': 'gzip, deflate', 'Accept': 'application/json', 'Connection': 'keep-alive', 'Content-Type': 'application/json', 'Content-Length': '537'} 
 body=b'{"cart": [{"product_id": 2, "quantity": 1}], "shipping_method": "Kerry", "shipping_address": "405/37 \\u0e16.\\u0e21\\u0e2b\\u0e34\\u0e14\\u0e25", "shipping_sub_district": "\\u0e15.\\u0e17\\u0e48\\u0e32\\u0e28\\u0e32\\u0e25\\u0e32", "shipping_district": "\\u0e2d.\\u0e40\\u0e21\\u0e37\\u0e2d\\u0e07", "shipping_province": "\\u0e08.\\u0e40\\u0e0a\\u0e35\\u0e22\\u0e07\\u0e43\\u0e2b\\u0e21\\u0e48", "shipping_zip_code": "50000", "recipient_name": "\\u0e13\\u0e31\\u0e10\\u0e0d\\u0e32 \\u0e0a\\u0e38\\u0e15\\u0e34\\u0e1a\\u0e38\\u0e15\\u0e23", "recipient_phone_number": "0970809292"}' 
 </msg>
<msg timestamp="20201114 23:12:53.106" level="INFO">POST Response : url=https://www.dminer.in.th/api/v1/order 
 status=200, reason=OK 
 body={
    "order_id": 8004359122,
    "total_price": 14.95
} 
 </msg>
<msg timestamp="20201114 23:12:53.106" level="INFO">/usr/local/lib/python3.7/site-packages/urllib3/connectionpool.py:1004: InsecureRequestWarning: Unverified HTTPS request is being made. Adding certificate verification is strongly advised. See: https://urllib3.readthedocs.io/en/latest/advanced-usage.html#ssl-warnings
  InsecureRequestWarning,</msg>
<msg timestamp="20201114 23:12:53.107" level="INFO">${response} = &lt;Response [200]&gt;</msg>
<status status="PASS" starttime="20201114 23:12:53.047" endtime="20201114 23:12:53.107"></status>
</kw>
<kw name="Request Should Be Successful" library="RequestsLibrary">
<doc>Fails if response status code is a client or server error (4xx, 5xx).</doc>
<arguments>
<arg>${response}</arg>
</arguments>
<status status="PASS" starttime="20201114 23:12:53.107" endtime="20201114 23:12:53.108"></status>
</kw>
<kw name="Should Be Equal As Integers" library="BuiltIn">
<doc>Fails if objects are unequal after converting them to integers.</doc>
<arguments>
<arg>${response.json()['order_id']}</arg>
<arg>8004359122</arg>
</arguments>
<msg timestamp="20201114 23:12:53.108" level="INFO">Argument types are:
&lt;class 'int'&gt;
&lt;type 'unicode'&gt;</msg>
<status status="PASS" starttime="20201114 23:12:53.108" endtime="20201114 23:12:53.108"></status>
</kw>
<kw name="Should Be Equal As Numbers" library="BuiltIn">
<doc>Fails if objects are unequal after converting them to real numbers.</doc>
<arguments>
<arg>${response.json()['total_price']}</arg>
<arg>14.95</arg>
</arguments>
<msg timestamp="20201114 23:12:53.109" level="INFO">Argument types are:
&lt;class 'float'&gt;
&lt;type 'unicode'&gt;</msg>
<status status="PASS" starttime="20201114 23:12:53.109" endtime="20201114 23:12:53.109"></status>
</kw>
<kw name="Set Variable" library="BuiltIn">
<doc>Returns the given values which can then be assigned to a variables.</doc>
<arguments>
<arg>${response.json()['order_id']}</arg>
</arguments>
<assign>
<var>${orderId}</var>
</assign>
<msg timestamp="20201114 23:12:53.110" level="INFO">${orderId} = 8004359122</msg>
<status status="PASS" starttime="20201114 23:12:53.109" endtime="20201114 23:12:53.110"></status>
</kw>
<kw name="Should Be Equal As Integers" library="BuiltIn">
<doc>Fails if objects are unequal after converting them to integers.</doc>
<arguments>
<arg>${orderId}</arg>
<arg>8004359122</arg>
</arguments>
<msg timestamp="20201114 23:12:53.110" level="INFO">Argument types are:
&lt;class 'int'&gt;
&lt;type 'unicode'&gt;</msg>
<status status="PASS" starttime="20201114 23:12:53.110" endtime="20201114 23:12:53.110"></status>
</kw>
<kw name="Set Test Variable" library="BuiltIn">
<doc>Makes a variable available everywhere within the scope of the current test.</doc>
<arguments>
<arg>${orderId}</arg>
</arguments>
<msg timestamp="20201114 23:12:53.111" level="INFO">${orderId} = 8004359122</msg>
<status status="PASS" starttime="20201114 23:12:53.110" endtime="20201114 23:12:53.111"></status>
</kw>
<status status="PASS" starttime="20201114 23:12:53.046" endtime="20201114 23:12:53.111"></status>
</kw>
<kw name="Comfirm Payment">
<kw name="To Json" library="RequestsLibrary">
<doc>Convert a string to a JSON object</doc>
<arguments>
<arg>{"order_id" : 8004359122,"payment_type" : "credit","type" : "visa","card_number" : "4719700591590995","cvv" : "752","expired_month" : 7,"expired_year" : 20,"card_name" : "Karnwat Wongudom","total_price" : 14.95}</arg>
</arguments>
<assign>
<var>${data}</var>
</assign>
<msg timestamp="20201114 23:12:53.112" level="INFO">To JSON using : content={"order_id" : 8004359122,"payment_type" : "credit","type" : "visa","card_number" : "4719700591590995","cvv" : "752","expired_month" : 7,"expired_year" : 20,"card_name" : "Karnwat Wongudom","total_price" : 14.95} </msg>
<msg timestamp="20201114 23:12:53.112" level="INFO">To JSON using : pretty_print=False </msg>
<msg timestamp="20201114 23:12:53.112" level="INFO">${data} = {'order_id': 8004359122, 'payment_type': 'credit', 'type': 'visa', 'card_number': '4719700591590995', 'cvv': '752', 'expired_month': 7, 'expired_year': 20, 'card_name': 'Karnwat Wongudom', 'total_pric...</msg>
<status status="PASS" starttime="20201114 23:12:53.112" endtime="20201114 23:12:53.112"></status>
</kw>
<kw name="Should Be Equal As Integers" library="BuiltIn">
<doc>Fails if objects are unequal after converting them to integers.</doc>
<arguments>
<arg>${data['order_id']}</arg>
<arg>${orderId}</arg>
</arguments>
<status status="PASS" starttime="20201114 23:12:53.112" endtime="20201114 23:12:53.113"></status>
</kw>
<kw name="Post Request" library="RequestsLibrary">
<doc>Send a POST request on the session object found using the
given `alias`</doc>
<arguments>
<arg>alias=shopping</arg>
<arg>uri=/api/v1/confirmPayment</arg>
<arg>headers=&amp;{headers}</arg>
<arg>json=${data}</arg>
</arguments>
<assign>
<var>${response}</var>
</assign>
<msg timestamp="20201114 23:12:53.175" level="INFO">POST Request : url=https://www.dminer.in.th/api/v1/confirmPayment 
 path_url=/api/v1/confirmPayment 
 headers={'User-Agent': 'python-requests/2.22.0', 'Accept-Encoding': 'gzip, deflate', 'Accept': 'application/json', 'Connection': 'keep-alive', 'Content-Type': 'application/json', 'Content-Length': '210'} 
 body=b'{"order_id": 8004359122, "payment_type": "credit", "type": "visa", "card_number": "4719700591590995", "cvv": "752", "expired_month": 7, "expired_year": 20, "card_name": "Karnwat Wongudom", "total_price": 14.95}' 
 </msg>
<msg timestamp="20201114 23:12:53.175" level="INFO">POST Response : url=https://www.dminer.in.th/api/v1/confirmPayment 
 status=200, reason=OK 
 body={
    "notify_message": "วันเวลาที่ชำระเงิน 1/3/2020 13:30:00 หมายเลขคำสั่งซื้อ 8004359122 คุณสามารถติดตามสินค้าผ่านช่องทาง Kerry หมายเลข 1785261900"
} 
 </msg>
<msg timestamp="20201114 23:12:53.175" level="INFO">/usr/local/lib/python3.7/site-packages/urllib3/connectionpool.py:1004: InsecureRequestWarning: Unverified HTTPS request is being made. Adding certificate verification is strongly advised. See: https://urllib3.readthedocs.io/en/latest/advanced-usage.html#ssl-warnings
  InsecureRequestWarning,</msg>
<msg timestamp="20201114 23:12:53.175" level="INFO">${response} = &lt;Response [200]&gt;</msg>
<status status="PASS" starttime="20201114 23:12:53.113" endtime="20201114 23:12:53.176"></status>
</kw>
<kw name="Request Should Be Successful" library="RequestsLibrary">
<doc>Fails if response status code is a client or server error (4xx, 5xx).</doc>
<arguments>
<arg>${response}</arg>
</arguments>
<status status="PASS" starttime="20201114 23:12:53.176" endtime="20201114 23:12:53.176"></status>
</kw>
<kw name="Should Be Equal" library="BuiltIn">
<doc>Fails if the given objects are unequal.</doc>
<arguments>
<arg>${response.json()['notify_message']}</arg>
<arg>วันเวลาที่ชำระเงิน 1/3/2020 13:30:00 หมายเลขคำสั่งซื้อ 8004359122 คุณสามารถติดตามสินค้าผ่านช่องทาง Kerry หมายเลข 1785261900</arg>
</arguments>
<status status="PASS" starttime="20201114 23:12:53.176" endtime="20201114 23:12:53.177"></status>
</kw>
<status status="PASS" starttime="20201114 23:12:53.111" endtime="20201114 23:12:53.177"></status>
</kw>
<status status="PASS" starttime="20201114 23:12:52.767" endtime="20201114 23:12:53.177" critical="yes"></status>
</test>
<status status="PASS" starttime="20201114 23:12:52.527" endtime="20201114 23:12:53.178"></status>
</suite>
<statistics>
<total>
<stat pass="1" fail="0">Critical Tests</stat>
<stat pass="1" fail="0">All Tests</stat>
</total>
<tag>
</tag>
<suite>
<stat pass="1" fail="0" id="s1" name="Shopping Visa Success">Shopping Visa Success</stat>
</suite>
</statistics>
<errors>
</errors>
</robot>
